Copyright 1986-2017 Xilinx, Inc. All Rights Reserved.
------------------------------------------------------------------------------------
| Tool Version : Vivado v.2017.4 (win64) Build 2086221 Fri Dec 15 20:55:39 MST 2017
| Date         : Fri Nov 30 01:05:55 2018
| Host         : DESKTOP-897IESA running 64-bit major release  (build 9200)
| Command      : report_control_sets -verbose -file ALU_TOP_control_sets_placed.rpt
| Design       : ALU_TOP
| Device       : xc7a35t
------------------------------------------------------------------------------------

Control Set Information

Table of Contents
-----------------
1. Summary
2. Flip-Flop Distribution
3. Detailed Control Set Information

1. Summary
----------

+----------------------------------------------------------+-------+
|                          Status                          | Count |
+----------------------------------------------------------+-------+
| Number of unique control sets                            |     5 |
| Unused register locations in slices containing registers |    30 |
+----------------------------------------------------------+-------+


2. Flip-Flop Distribution
-------------------------

+--------------+-----------------------+------------------------+-----------------+--------------+
| Clock Enable | Synchronous Set/Reset | Asynchronous Set/Reset | Total Registers | Total Slices |
+--------------+-----------------------+------------------------+-----------------+--------------+
| No           | No                    | No                     |              12 |            8 |
| No           | No                    | Yes                    |               0 |            0 |
| No           | Yes                   | No                     |              14 |            6 |
| Yes          | No                    | No                     |               0 |            0 |
| Yes          | No                    | Yes                    |               0 |            0 |
| Yes          | Yes                   | No                     |               0 |            0 |
+--------------+-----------------------+------------------------+-----------------+--------------+


3. Detailed Control Set Information
-----------------------------------

+----------------------+---------------+----------------------------+------------------+----------------+
|     Clock Signal     | Enable Signal |      Set/Reset Signal      | Slice Load Count | Bel Load Count |
+----------------------+---------------+----------------------------+------------------+----------------+
|  Display_D/CLK       |               | Display_D/Count[0]_i_1_n_0 |                1 |              1 |
|  Display_D/CLK       |               | Display_D/Count[0]         |                2 |              2 |
|  CLK_INPUT_IBUF_BUFG |               |                            |                1 |              2 |
|  Display_D/CLK       |               |                            |                7 |             10 |
|  CLK_INPUT_IBUF_BUFG |               | Display_D/CLK_0            |                3 |             11 |
+----------------------+---------------+----------------------------+------------------+----------------+


+--------+-----------------------+
| Fanout | Number of ControlSets |
+--------+-----------------------+
| 1      |                     1 |
| 2      |                     2 |
| 10     |                     1 |
| 11     |                     1 |
+--------+-----------------------+


