#-----------------------------------------------------------
# Vivado v2017.4 (64-bit)
# SW Build 2086221 on Fri Dec 15 20:55:39 MST 2017
# IP Build 2085800 on Fri Dec 15 22:25:07 MST 2017
# Start of session at: Mon Dec  3 18:13:12 2018
# Process ID: 19840
# Current directory: C:/Users/Jorre/VivadoProjects/ALU
# Command line: vivado.exe -gui_launcher_event rodinguilauncherevent15396 C:\Users\Jorre\VivadoProjects\ALU\ALU.xpr
# Log file: C:/Users/Jorre/VivadoProjects/ALU/vivado.log
# Journal file: C:/Users/Jorre/VivadoProjects/ALU\vivado.jou
#-----------------------------------------------------------
start_gui
open_project C:/Users/Jorre/VivadoProjects/ALU/ALU.xpr
Scanning sources...
Finished scanning sources
INFO: [IP_Flow 19-234] Refreshing IP repositories
INFO: [IP_Flow 19-1704] No user IP repositories specified
INFO: [IP_Flow 19-2313] Loaded Vivado IP repository 'C:/Xilinx/Vivado/2017.4/data/ip'.
open_project: Time (s): cpu = 00:00:14 ; elapsed = 00:00:06 . Memory (MB): peak = 805.098 ; gain = 81.961
exit
INFO: [Common 17-206] Exiting Vivado at Mon Dec  3 18:13:36 2018...
